# JRE version: Java(TM) SE Runtime Environment (8.0_60-b27) (build 1.8.0_60-b27)
# Java VM: Java HotSpot(TM) 64-Bit Server VM (25.60-b23 mixed mode bsd-amd64 compressed oops)
Heap:
 PSYoungGen      total 99328K, used 36434K [0x00000007aab00000, 0x00000007b1a80000, 0x00000007c0000000)
  eden space 90624K, 34% used [0x00000007aab00000,0x00000007ac96d970,0x00000007b0380000)
  from space 8704K, 60% used [0x00000007b1200000,0x00000007b17270e0,0x00000007b1a80000)
  to   space 11776K, 0% used [0x00000007b0380000,0x00000007b0380000,0x00000007b0f00000)
 ParOldGen       total 103424K, used 34882K [0x0000000780000000, 0x0000000786500000, 0x00000007aab00000)
  object space 103424K, 33% used [0x0000000780000000,0x0000000782210800,0x0000000786500000)
 Metaspace       used 61166K, capacity 70329K, committed 70528K, reserved 1112064K
  class space    used 7795K, capacity 8300K, committed 8320K, reserved 1048576K
GC Heap History (10 events):
Event: 9141.043 GC heap before
{Heap before GC invocations=177 (full 40):
 PSYoungGen      total 111616K, used 98304K [0x00000007aab00000, 0x00000007b2500000, 0x00000007c0000000)
  eden space 98304K, 100% used [0x00000007aab00000,0x00000007b0b00000,0x00000007b0b00000)
  from space 13312K, 0% used [0x00000007b1800000,0x00000007b1800000,0x00000007b2500000)
  to   space 13312K, 0% used [0x00000007b0b00000,0x00000007b0b00000,0x00000007b1800000)
 ParOldGen       total 103424K, used 35252K [0x0000000780000000, 0x0000000786500000, 0x00000007aab00000)
  object space 103424K, 34% used [0x0000000780000000,0x000000078226d298,0x0000000786500000)
 Metaspace       used 61172K, capacity 70265K, committed 70528K, reserved 1112064K
  class space    used 7793K, capacity 8306K, committed 8320K, reserved 1048576K
Event: 9141.047 GC heap after
Heap after GC invocations=177 (full 40):
 PSYoungGen      total 96768K, used 944K [0x00000007aab00000, 0x00000007b2180000, 0x00000007c0000000)
  eden space 95744K, 0% used [0x00000007aab00000,0x00000007aab00000,0x00000007b0880000)
  from space 1024K, 92% used [0x00000007b0b00000,0x00000007b0bec010,0x00000007b0c00000)
  to   space 12800K, 0% used [0x00000007b1500000,0x00000007b1500000,0x00000007b2180000)
 ParOldGen       total 103424K, used 35260K [0x0000000780000000, 0x0000000786500000, 0x00000007aab00000)
  object space 103424K, 34% used [0x0000000780000000,0x000000078226f298,0x0000000786500000)
 Metaspace       used 61172K, capacity 70265K, committed 70528K, reserved 1112064K
  class space    used 7793K, capacity 8306K, committed 8320K, reserved 1048576K
}
Event: 9144.150 GC heap before
{Heap before GC invocations=178 (full 40):
 PSYoungGen      total 96768K, used 96688K [0x00000007aab00000, 0x00000007b2180000, 0x00000007c0000000)
  eden space 95744K, 100% used [0x00000007aab00000,0x00000007b0880000,0x00000007b0880000)
  from space 1024K, 92% used [0x00000007b0b00000,0x00000007b0bec010,0x00000007b0c00000)
  to   space 12800K, 0% used [0x00000007b1500000,0x00000007b1500000,0x00000007b2180000)
 ParOldGen       total 103424K, used 35260K [0x0000000780000000, 0x0000000786500000, 0x00000007aab00000)
  object space 103424K, 34% used [0x0000000780000000,0x000000078226f298,0x0000000786500000)
 Metaspace       used 61220K, capacity 70373K, committed 70528K, reserved 1112064K
  class space    used 7805K, capacity 8318K, committed 8320K, reserved 1048576K
Event: 9144.157 GC heap after
Heap after GC invocations=178 (full 40):
 PSYoungGen      total 102400K, used 5116K [0x00000007aab00000, 0x00000007b1e00000, 0x00000007c0000000)
  eden space 93184K, 0% used [0x00000007aab00000,0x00000007aab00000,0x00000007b0600000)
  from space 9216K, 55% used [0x00000007b1500000,0x00000007b19ff0c0,0x00000007b1e00000)
  to   space 12288K, 0% used [0x00000007b0600000,0x00000007b0600000,0x00000007b1200000)
 ParOldGen       total 103424K, used 35260K [0x0000000780000000, 0x0000000786500000, 0x00000007aab00000)
  object space 103424K, 34% used [0x0000000780000000,0x000000078226f298,0x0000000786500000)
 Metaspace       used 61220K, capacity 70373K, committed 70528K, reserved 1112064K
  class space    used 7805K, capacity 8318K, committed 8320K, reserved 1048576K
}
Event: 9144.190 GC heap before
{Heap before GC invocations=179 (full 40):
 PSYoungGen      total 102400K, used 6408K [0x00000007aab00000, 0x00000007b1e00000, 0x00000007c0000000)
  eden space 93184K, 1% used [0x00000007aab00000,0x00000007aac43170,0x00000007b0600000)
  from space 9216K, 55% used [0x00000007b1500000,0x00000007b19ff0c0,0x00000007b1e00000)
  to   space 12288K, 0% used [0x00000007b0600000,0x00000007b0600000,0x00000007b1200000)
 ParOldGen       total 103424K, used 35260K [0x0000000780000000, 0x0000000786500000, 0x00000007aab00000)
  object space 103424K, 34% used [0x0000000780000000,0x000000078226f298,0x0000000786500000)
 Metaspace       used 61220K, capacity 70373K, committed 70528K, reserved 1112064K
  class space    used 7805K, capacity 8318K, committed 8320K, reserved 1048576K
Event: 9144.192 GC heap after
Heap after GC invocations=179 (full 40):
 PSYoungGen      total 105472K, used 656K [0x00000007aab00000, 0x00000007b1e00000, 0x00000007c0000000)
  eden space 93184K, 0% used [0x00000007aab00000,0x00000007aab00000,0x00000007b0600000)
  from space 12288K, 5% used [0x00000007b0600000,0x00000007b06a4030,0x00000007b1200000)
  to   space 12288K, 0% used [0x00000007b1200000,0x00000007b1200000,0x00000007b1e00000)
 ParOldGen       total 103424K, used 35260K [0x0000000780000000, 0x0000000786500000, 0x00000007aab00000)
  object space 103424K, 34% used [0x0000000780000000,0x000000078226f298,0x0000000786500000)
 Metaspace       used 61220K, capacity 70373K, committed 70528K, reserved 1112064K
  class space    used 7805K, capacity 8318K, committed 8320K, reserved 1048576K
}
Event: 9144.192 GC heap before
{Heap before GC invocations=180 (full 41):
 PSYoungGen      total 105472K, used 656K [0x00000007aab00000, 0x00000007b1e00000, 0x00000007c0000000)
  eden space 93184K, 0% used [0x00000007aab00000,0x00000007aab00000,0x00000007b0600000)
  from space 12288K, 5% used [0x00000007b0600000,0x00000007b06a4030,0x00000007b1200000)
  to   space 12288K, 0% used [0x00000007b1200000,0x00000007b1200000,0x00000007b1e00000)
 ParOldGen       total 103424K, used 35260K [0x0000000780000000, 0x0000000786500000, 0x00000007aab00000)
  object space 103424K, 34% used [0x0000000780000000,0x000000078226f298,0x0000000786500000)
 Metaspace       used 61220K, capacity 70373K, committed 70528K, reserved 1112064K
  class space    used 7805K, capacity 8318K, committed 8320K, reserved 1048576K
Event: 9144.346 GC heap after
Heap after GC invocations=180 (full 41):
 PSYoungGen      total 105472K, used 0K [0x00000007aab00000, 0x00000007b1e00000, 0x00000007c0000000)
  eden space 93184K, 0% used [0x00000007aab00000,0x00000007aab00000,0x00000007b0600000)
  from space 12288K, 0% used [0x00000007b0600000,0x00000007b0600000,0x00000007b1200000)
  to   space 12288K, 0% used [0x00000007b1200000,0x00000007b1200000,0x00000007b1e00000)
 ParOldGen       total 103424K, used 34882K [0x0000000780000000, 0x0000000786500000, 0x00000007aab00000)
  object space 103424K, 33% used [0x0000000780000000,0x0000000782210800,0x0000000786500000)
 Metaspace       used 61115K, capacity 70221K, committed 70528K, reserved 1112064K
  class space    used 7784K, capacity 8288K, committed 8320K, reserved 1048576K
}
Event: 11002.759 GC heap before
{Heap before GC invocations=181 (full 41):
 PSYoungGen      total 105472K, used 93184K [0x00000007aab00000, 0x00000007b1e00000, 0x00000007c0000000)
  eden space 93184K, 100% used [0x00000007aab00000,0x00000007b0600000,0x00000007b0600000)
  from space 12288K, 0% used [0x00000007b0600000,0x00000007b0600000,0x00000007b1200000)
  to   space 12288K, 0% used [0x00000007b1200000,0x00000007b1200000,0x00000007b1e00000)
 ParOldGen       total 103424K, used 34882K [0x0000000780000000, 0x0000000786500000, 0x00000007aab00000)
  object space 103424K, 33% used [0x0000000780000000,0x0000000782210800,0x0000000786500000)
 Metaspace       used 61165K, capacity 70329K, committed 70528K, reserved 1112064K
  class space    used 7795K, capacity 8300K, committed 8320K, reserved 1048576K
Event: 11002.767 GC heap after
Heap after GC invocations=181 (full 41):
 PSYoungGen      total 99328K, used 5276K [0x00000007aab00000, 0x00000007b1a80000, 0x00000007c0000000)
  eden space 90624K, 0% used [0x00000007aab00000,0x00000007aab00000,0x00000007b0380000)
  from space 8704K, 60% used [0x00000007b1200000,0x00000007b17270e0,0x00000007b1a80000)
  to   space 11776K, 0% used [0x00000007b0380000,0x00000007b0380000,0x00000007b0f00000)
 ParOldGen       total 103424K, used 34882K [0x0000000780000000, 0x0000000786500000, 0x00000007aab00000)
  object space 103424K, 33% used [0x0000000780000000,0x0000000782210800,0x0000000786500000)
 Metaspace       used 61165K, capacity 70329K, committed 70528K, reserved 1112064K
  class space    used 7795K, capacity 8300K, committed 8320K, reserved 1048576K
}

